\\134.226.32.3\UGRAD\GANTERD\MY DOCUMENTS\VISUAL STUDIO 2010\PROJECTS\CS7033 - LAB 2\CS7033 - LAB 2\DEBUG\CS7033 - LAB 2.EXE.EMBED.MANIFEST.RES
\\134.226.32.3\UGRAD\GANTERD\MY DOCUMENTS\VISUAL STUDIO 2010\PROJECTS\CS7033 - LAB 2\CS7033 - LAB 2\DEBUG\CS7033 - LAB 2.EXE.INTERMEDIATE.MANIFEST
\\134.226.32.3\UGRAD\GANTERD\MY DOCUMENTS\VISUAL STUDIO 2010\PROJECTS\CS7033 - LAB 2\CS7033 - LAB 2\DEBUG\MAIN.OBJ
\\134.226.32.3\UGRAD\GANTERD\MY DOCUMENTS\VISUAL STUDIO 2010\PROJECTS\CS7033 - LAB 2\CS7033 - LAB 2\DEBUG\SPIDER.OBJ
\\134.226.32.3\UGRAD\GANTERD\MY DOCUMENTS\VISUAL STUDIO 2010\PROJECTS\CS7033 - LAB 2\CS7033 - LAB 2\DEBUG\TEXTURETGA.OBJ
\\134.226.32.3\UGRAD\GANTERD\MY DOCUMENTS\VISUAL STUDIO 2010\PROJECTS\CS7033 - LAB 2\CS7033 - LAB 2\DEBUG\VC100.PDB
\\134.226.32.3\UGRAD\GANTERD\MY DOCUMENTS\VISUAL STUDIO 2010\PROJECTS\CS7033 - LAB 2\DEBUG\CS7033 - LAB 2.EXE
\\134.226.32.3\UGRAD\GANTERD\MY DOCUMENTS\VISUAL STUDIO 2010\PROJECTS\CS7033 - LAB 2\DEBUG\CS7033 - LAB 2.ILK
\\134.226.32.3\UGRAD\GANTERD\MY DOCUMENTS\VISUAL STUDIO 2010\PROJECTS\CS7033 - LAB 2\DEBUG\CS7033 - LAB 2.PDB
F:\CS7033 - LAB 2\CS7033 - LAB 2\DEBUG\CS7033 - LAB 2.EXE.EMBED.MANIFEST
F:\CS7033 - LAB 2\CS7033 - LAB 2\DEBUG\CS7033 - LAB 2.EXE.EMBED.MANIFEST.RES
F:\CS7033 - LAB 2\CS7033 - LAB 2\DEBUG\CS7033 - LAB 2.EXE.INTERMEDIATE.MANIFEST
F:\CS7033 - LAB 2\CS7033 - LAB 2\DEBUG\MAIN.OBJ
F:\CS7033 - LAB 2\CS7033 - LAB 2\DEBUG\SPIDER.OBJ
F:\CS7033 - LAB 2\CS7033 - LAB 2\DEBUG\TEXTURETGA.OBJ
F:\CS7033 - LAB 2\CS7033 - LAB 2\DEBUG\VC100.PDB
F:\CS7033 - LAB 2\DEBUG\CS7033 - LAB 2.EXE
F:\CS7033 - LAB 2\DEBUG\CS7033 - LAB 2.ILK
F:\CS7033 - LAB 2\DEBUG\CS7033 - LAB 2.PDB
F:\CS7033 - LAB 3\CS7033 - LAB 2\DEBUG\CS7033 - LAB 2.EXE.EMBED.MANIFEST.RES
F:\CS7033 - LAB 3\CS7033 - LAB 2\DEBUG\CS7033 - LAB 2.EXE.INTERMEDIATE.MANIFEST
F:\CS7033 - LAB 3\CS7033 - LAB 2\DEBUG\IETLABIK.OBJ
F:\CS7033 - LAB 3\CS7033 - LAB 2\DEBUG\MAIN.OBJ
F:\CS7033 - LAB 3\CS7033 - LAB 2\DEBUG\SPIDER.OBJ
F:\CS7033 - LAB 3\CS7033 - LAB 2\DEBUG\TEXTURETGA.OBJ
F:\CS7033 - LAB 3\CS7033 - LAB 2\DEBUG\VC100.PDB
F:\CS7033 - LAB 3\DEBUG\CS7033 - LAB 2.EXE
F:\CS7033 - LAB 3\DEBUG\CS7033 - LAB 2.ILK
F:\CS7033 - LAB 3\DEBUG\CS7033 - LAB 2.PDB
U:\MY DOCUMENTS\VISUAL STUDIO 2010\PROJECTS\CS7033 - LAB 2\CS7033 - LAB 2\DEBUG\CS7033 - LAB 2.EXE.EMBED.MANIFEST.RES
U:\MY DOCUMENTS\VISUAL STUDIO 2010\PROJECTS\CS7033 - LAB 2\CS7033 - LAB 2\DEBUG\MAIN.OBJ
U:\MY DOCUMENTS\VISUAL STUDIO 2010\PROJECTS\CS7033 - LAB 2\CS7033 - LAB 2\DEBUG\SPIDER.OBJ
U:\MY DOCUMENTS\VISUAL STUDIO 2010\PROJECTS\CS7033 - LAB 2\CS7033 - LAB 2\DEBUG\TEXTURETGA.OBJ
U:\MY DOCUMENTS\VISUAL STUDIO 2010\PROJECTS\CS7033 - LAB 2\CS7033 - LAB 2\DEBUG\VC100.PDB
U:\MY DOCUMENTS\VISUAL STUDIO 2010\PROJECTS\CS7033 - LAB 2\DEBUG\CS7033 - LAB 2.PDB
U:\My Documents\Visual Studio 2010\Projects\CS7033 - Lab 3 - Part B\CS7033 - Lab 2\Debug\cl.command.1.tlog
U:\My Documents\Visual Studio 2010\Projects\CS7033 - Lab 3 - Part B\CS7033 - Lab 2\Debug\CL.read.1.tlog
U:\My Documents\Visual Studio 2010\Projects\CS7033 - Lab 3 - Part B\CS7033 - Lab 2\Debug\CL.write.1.tlog
U:\My Documents\Visual Studio 2010\Projects\CS7033 - Lab 3 - Part B\CS7033 - Lab 2\Debug\CS7033 - Lab 2.exe.embed.manifest
U:\MY DOCUMENTS\VISUAL STUDIO 2010\PROJECTS\CS7033 - LAB 3 - PART B\CS7033 - LAB 2\DEBUG\CS7033 - LAB 2.EXE.EMBED.MANIFEST.RES
U:\My Documents\Visual Studio 2010\Projects\CS7033 - Lab 3 - Part B\CS7033 - Lab 2\Debug\CS7033 - Lab 2.exe.intermediate.manifest
U:\My Documents\Visual Studio 2010\Projects\CS7033 - Lab 3 - Part B\CS7033 - Lab 2\Debug\CS7033 - Lab 2.vcxprojResolveAssemblyReference.cache
U:\My Documents\Visual Studio 2010\Projects\CS7033 - Lab 3 - Part B\CS7033 - Lab 2\Debug\CS7033 - Lab 2.write.1.tlog
U:\My Documents\Visual Studio 2010\Projects\CS7033 - Lab 3 - Part B\CS7033 - Lab 2\Debug\CS7033 - Lab 2_manifest.rc
U:\My Documents\Visual Studio 2010\Projects\CS7033 - Lab 3 - Part B\CS7033 - Lab 2\Debug\IETLabIK.obj
U:\My Documents\Visual Studio 2010\Projects\CS7033 - Lab 3 - Part B\CS7033 - Lab 2\Debug\link.1004.read.1.tlog
U:\My Documents\Visual Studio 2010\Projects\CS7033 - Lab 3 - Part B\CS7033 - Lab 2\Debug\link.1004.write.1.tlog
U:\My Documents\Visual Studio 2010\Projects\CS7033 - Lab 3 - Part B\CS7033 - Lab 2\Debug\link.1004-cvtres.read.1.tlog
U:\My Documents\Visual Studio 2010\Projects\CS7033 - Lab 3 - Part B\CS7033 - Lab 2\Debug\link.1004-cvtres.write.1.tlog
U:\My Documents\Visual Studio 2010\Projects\CS7033 - Lab 3 - Part B\CS7033 - Lab 2\Debug\link.1076.read.1.tlog
U:\My Documents\Visual Studio 2010\Projects\CS7033 - Lab 3 - Part B\CS7033 - Lab 2\Debug\link.1076.write.1.tlog
U:\My Documents\Visual Studio 2010\Projects\CS7033 - Lab 3 - Part B\CS7033 - Lab 2\Debug\link.1076-cvtres.read.1.tlog
U:\My Documents\Visual Studio 2010\Projects\CS7033 - Lab 3 - Part B\CS7033 - Lab 2\Debug\link.1076-cvtres.write.1.tlog
U:\My Documents\Visual Studio 2010\Projects\CS7033 - Lab 3 - Part B\CS7033 - Lab 2\Debug\link.1468.read.1.tlog
U:\My Documents\Visual Studio 2010\Projects\CS7033 - Lab 3 - Part B\CS7033 - Lab 2\Debug\link.1468.write.1.tlog
U:\My Documents\Visual Studio 2010\Projects\CS7033 - Lab 3 - Part B\CS7033 - Lab 2\Debug\link.1468-cvtres.read.1.tlog
U:\My Documents\Visual Studio 2010\Projects\CS7033 - Lab 3 - Part B\CS7033 - Lab 2\Debug\link.1468-cvtres.write.1.tlog
U:\My Documents\Visual Studio 2010\Projects\CS7033 - Lab 3 - Part B\CS7033 - Lab 2\Debug\link.2172.read.1.tlog
U:\My Documents\Visual Studio 2010\Projects\CS7033 - Lab 3 - Part B\CS7033 - Lab 2\Debug\link.2172.write.1.tlog
U:\My Documents\Visual Studio 2010\Projects\CS7033 - Lab 3 - Part B\CS7033 - Lab 2\Debug\link.2172-cvtres.read.1.tlog
U:\My Documents\Visual Studio 2010\Projects\CS7033 - Lab 3 - Part B\CS7033 - Lab 2\Debug\link.2172-cvtres.write.1.tlog
U:\My Documents\Visual Studio 2010\Projects\CS7033 - Lab 3 - Part B\CS7033 - Lab 2\Debug\link.2716.read.1.tlog
U:\My Documents\Visual Studio 2010\Projects\CS7033 - Lab 3 - Part B\CS7033 - Lab 2\Debug\link.2716.write.1.tlog
U:\My Documents\Visual Studio 2010\Projects\CS7033 - Lab 3 - Part B\CS7033 - Lab 2\Debug\link.2716-cvtres.read.1.tlog
U:\My Documents\Visual Studio 2010\Projects\CS7033 - Lab 3 - Part B\CS7033 - Lab 2\Debug\link.2716-cvtres.write.1.tlog
U:\My Documents\Visual Studio 2010\Projects\CS7033 - Lab 3 - Part B\CS7033 - Lab 2\Debug\link.3360.read.1.tlog
U:\My Documents\Visual Studio 2010\Projects\CS7033 - Lab 3 - Part B\CS7033 - Lab 2\Debug\link.3360.write.1.tlog
U:\My Documents\Visual Studio 2010\Projects\CS7033 - Lab 3 - Part B\CS7033 - Lab 2\Debug\link.3360-cvtres.read.1.tlog
U:\My Documents\Visual Studio 2010\Projects\CS7033 - Lab 3 - Part B\CS7033 - Lab 2\Debug\link.3360-cvtres.write.1.tlog
U:\My Documents\Visual Studio 2010\Projects\CS7033 - Lab 3 - Part B\CS7033 - Lab 2\Debug\link.3484.read.1.tlog
U:\My Documents\Visual Studio 2010\Projects\CS7033 - Lab 3 - Part B\CS7033 - Lab 2\Debug\link.3484.write.1.tlog
U:\My Documents\Visual Studio 2010\Projects\CS7033 - Lab 3 - Part B\CS7033 - Lab 2\Debug\link.3484-cvtres.read.1.tlog
U:\My Documents\Visual Studio 2010\Projects\CS7033 - Lab 3 - Part B\CS7033 - Lab 2\Debug\link.3484-cvtres.write.1.tlog
U:\My Documents\Visual Studio 2010\Projects\CS7033 - Lab 3 - Part B\CS7033 - Lab 2\Debug\link.3536.read.1.tlog
U:\My Documents\Visual Studio 2010\Projects\CS7033 - Lab 3 - Part B\CS7033 - Lab 2\Debug\link.3536.write.1.tlog
U:\My Documents\Visual Studio 2010\Projects\CS7033 - Lab 3 - Part B\CS7033 - Lab 2\Debug\link.3536-cvtres.read.1.tlog
U:\My Documents\Visual Studio 2010\Projects\CS7033 - Lab 3 - Part B\CS7033 - Lab 2\Debug\link.3536-cvtres.write.1.tlog
U:\My Documents\Visual Studio 2010\Projects\CS7033 - Lab 3 - Part B\CS7033 - Lab 2\Debug\link.4296.read.1.tlog
U:\My Documents\Visual Studio 2010\Projects\CS7033 - Lab 3 - Part B\CS7033 - Lab 2\Debug\link.4296.write.1.tlog
U:\My Documents\Visual Studio 2010\Projects\CS7033 - Lab 3 - Part B\CS7033 - Lab 2\Debug\link.4296-cvtres.read.1.tlog
U:\My Documents\Visual Studio 2010\Projects\CS7033 - Lab 3 - Part B\CS7033 - Lab 2\Debug\link.4296-cvtres.write.1.tlog
U:\My Documents\Visual Studio 2010\Projects\CS7033 - Lab 3 - Part B\CS7033 - Lab 2\Debug\link.4696.read.1.tlog
U:\My Documents\Visual Studio 2010\Projects\CS7033 - Lab 3 - Part B\CS7033 - Lab 2\Debug\link.4696.write.1.tlog
U:\My Documents\Visual Studio 2010\Projects\CS7033 - Lab 3 - Part B\CS7033 - Lab 2\Debug\link.4696-cvtres.read.1.tlog
U:\My Documents\Visual Studio 2010\Projects\CS7033 - Lab 3 - Part B\CS7033 - Lab 2\Debug\link.4696-cvtres.write.1.tlog
U:\My Documents\Visual Studio 2010\Projects\CS7033 - Lab 3 - Part B\CS7033 - Lab 2\Debug\link.5152.read.1.tlog
U:\My Documents\Visual Studio 2010\Projects\CS7033 - Lab 3 - Part B\CS7033 - Lab 2\Debug\link.5152.write.1.tlog
U:\My Documents\Visual Studio 2010\Projects\CS7033 - Lab 3 - Part B\CS7033 - Lab 2\Debug\link.5152-cvtres.read.1.tlog
U:\My Documents\Visual Studio 2010\Projects\CS7033 - Lab 3 - Part B\CS7033 - Lab 2\Debug\link.5152-cvtres.write.1.tlog
U:\My Documents\Visual Studio 2010\Projects\CS7033 - Lab 3 - Part B\CS7033 - Lab 2\Debug\link.5304.read.1.tlog
U:\My Documents\Visual Studio 2010\Projects\CS7033 - Lab 3 - Part B\CS7033 - Lab 2\Debug\link.5304.write.1.tlog
U:\My Documents\Visual Studio 2010\Projects\CS7033 - Lab 3 - Part B\CS7033 - Lab 2\Debug\link.5952.read.1.tlog
U:\My Documents\Visual Studio 2010\Projects\CS7033 - Lab 3 - Part B\CS7033 - Lab 2\Debug\link.5952.write.1.tlog
U:\My Documents\Visual Studio 2010\Projects\CS7033 - Lab 3 - Part B\CS7033 - Lab 2\Debug\link.5952-cvtres.read.1.tlog
U:\My Documents\Visual Studio 2010\Projects\CS7033 - Lab 3 - Part B\CS7033 - Lab 2\Debug\link.5952-cvtres.write.1.tlog
U:\My Documents\Visual Studio 2010\Projects\CS7033 - Lab 3 - Part B\CS7033 - Lab 2\Debug\link.6048.read.1.tlog
U:\My Documents\Visual Studio 2010\Projects\CS7033 - Lab 3 - Part B\CS7033 - Lab 2\Debug\link.6048.write.1.tlog
U:\My Documents\Visual Studio 2010\Projects\CS7033 - Lab 3 - Part B\CS7033 - Lab 2\Debug\link.6048-cvtres.read.1.tlog
U:\My Documents\Visual Studio 2010\Projects\CS7033 - Lab 3 - Part B\CS7033 - Lab 2\Debug\link.6048-cvtres.write.1.tlog
U:\My Documents\Visual Studio 2010\Projects\CS7033 - Lab 3 - Part B\CS7033 - Lab 2\Debug\link.6080.read.1.tlog
U:\My Documents\Visual Studio 2010\Projects\CS7033 - Lab 3 - Part B\CS7033 - Lab 2\Debug\link.6080.write.1.tlog
U:\My Documents\Visual Studio 2010\Projects\CS7033 - Lab 3 - Part B\CS7033 - Lab 2\Debug\link.6080-cvtres.read.1.tlog
U:\My Documents\Visual Studio 2010\Projects\CS7033 - Lab 3 - Part B\CS7033 - Lab 2\Debug\link.6080-cvtres.write.1.tlog
U:\My Documents\Visual Studio 2010\Projects\CS7033 - Lab 3 - Part B\CS7033 - Lab 2\Debug\link.6908.read.1.tlog
U:\My Documents\Visual Studio 2010\Projects\CS7033 - Lab 3 - Part B\CS7033 - Lab 2\Debug\link.6908.write.1.tlog
U:\My Documents\Visual Studio 2010\Projects\CS7033 - Lab 3 - Part B\CS7033 - Lab 2\Debug\link.6908-cvtres.read.1.tlog
U:\My Documents\Visual Studio 2010\Projects\CS7033 - Lab 3 - Part B\CS7033 - Lab 2\Debug\link.6908-cvtres.write.1.tlog
U:\My Documents\Visual Studio 2010\Projects\CS7033 - Lab 3 - Part B\CS7033 - Lab 2\Debug\link.command.1.tlog
U:\My Documents\Visual Studio 2010\Projects\CS7033 - Lab 3 - Part B\CS7033 - Lab 2\Debug\link.read.1.tlog
U:\My Documents\Visual Studio 2010\Projects\CS7033 - Lab 3 - Part B\CS7033 - Lab 2\Debug\link.write.1.tlog
U:\My Documents\Visual Studio 2010\Projects\CS7033 - Lab 3 - Part B\CS7033 - Lab 2\Debug\link-cvtres.read.1.tlog
U:\My Documents\Visual Studio 2010\Projects\CS7033 - Lab 3 - Part B\CS7033 - Lab 2\Debug\link-cvtres.write.1.tlog
U:\MY DOCUMENTS\VISUAL STUDIO 2010\PROJECTS\CS7033 - LAB 3 - PART B\CS7033 - LAB 2\DEBUG\MAIN.OBJ
U:\My Documents\Visual Studio 2010\Projects\CS7033 - Lab 3 - Part B\CS7033 - Lab 2\Debug\mt.command.1.tlog
U:\My Documents\Visual Studio 2010\Projects\CS7033 - Lab 3 - Part B\CS7033 - Lab 2\Debug\mt.read.1.tlog
U:\My Documents\Visual Studio 2010\Projects\CS7033 - Lab 3 - Part B\CS7033 - Lab 2\Debug\mt.write.1.tlog
U:\My Documents\Visual Studio 2010\Projects\CS7033 - Lab 3 - Part B\CS7033 - Lab 2\Debug\rc.command.1.tlog
U:\My Documents\Visual Studio 2010\Projects\CS7033 - Lab 3 - Part B\CS7033 - Lab 2\Debug\rc.read.1.tlog
U:\My Documents\Visual Studio 2010\Projects\CS7033 - Lab 3 - Part B\CS7033 - Lab 2\Debug\rc.write.1.tlog
U:\MY DOCUMENTS\VISUAL STUDIO 2010\PROJECTS\CS7033 - LAB 3 - PART B\CS7033 - LAB 2\DEBUG\SPIDER.OBJ
U:\MY DOCUMENTS\VISUAL STUDIO 2010\PROJECTS\CS7033 - LAB 3 - PART B\CS7033 - LAB 2\DEBUG\TEXTURETGA.OBJ
U:\My Documents\Visual Studio 2010\Projects\CS7033 - Lab 3 - Part B\CS7033 - Lab 2\Debug\vc100.idb
U:\MY DOCUMENTS\VISUAL STUDIO 2010\PROJECTS\CS7033 - LAB 3 - PART B\CS7033 - LAB 2\DEBUG\VC100.PDB
U:\My Documents\Visual Studio 2010\Projects\CS7033 - Lab 3 - Part B\Debug\\CS7033 - Lab 2.pdb
U:\MY DOCUMENTS\VISUAL STUDIO 2010\PROJECTS\CS7033 - LAB 3\CS7033 - LAB 2\DEBUG\CS7033 - LAB 2.EXE.EMBED.MANIFEST.RES
U:\MY DOCUMENTS\VISUAL STUDIO 2010\PROJECTS\CS7033 - LAB 3\CS7033 - LAB 2\DEBUG\CS7033 - LAB 2.EXE.INTERMEDIATE.MANIFEST
U:\MY DOCUMENTS\VISUAL STUDIO 2010\PROJECTS\CS7033 - LAB 3\CS7033 - LAB 2\DEBUG\IETLABIK.OBJ
U:\MY DOCUMENTS\VISUAL STUDIO 2010\PROJECTS\CS7033 - LAB 3\CS7033 - LAB 2\DEBUG\SPIDER.OBJ
U:\MY DOCUMENTS\VISUAL STUDIO 2010\PROJECTS\CS7033 - LAB 3\CS7033 - LAB 2\DEBUG\TEXTURETGA.OBJ
U:\MY DOCUMENTS\VISUAL STUDIO 2010\PROJECTS\CS7033 - LAB 3\CS7033 - LAB 2\DEBUG\VC100.PDB
U:\MY DOCUMENTS\VISUAL STUDIO 2010\PROJECTS\CS7033 - LAB 3\DEBUG\CS7033 - LAB 2.EXE
U:\MY DOCUMENTS\VISUAL STUDIO 2010\PROJECTS\CS7033 - LAB 3\DEBUG\CS7033 - LAB 2.ILK
U:\MY DOCUMENTS\VISUAL STUDIO 2010\PROJECTS\CS7033 - LAB 3\DEBUG\CS7033 - LAB 2.PDB
