C:\USERS\GANTERD\DESKTOP\CS7033 - GAME CURRENT\CS7033 - LAB 2\DEBUG\CAMERA.OBJ
C:\Users\ganterd\Desktop\CS7033 - Game Current\CS7033 - Lab 2\Debug\cl.command.1.tlog
C:\Users\ganterd\Desktop\CS7033 - Game Current\CS7033 - Lab 2\Debug\CL.read.1.tlog
C:\Users\ganterd\Desktop\CS7033 - Game Current\CS7033 - Lab 2\Debug\CL.write.1.tlog
C:\USERS\GANTERD\DESKTOP\CS7033 - GAME CURRENT\CS7033 - LAB 2\DEBUG\CONTROLLINGMESH.OBJ
C:\USERS\GANTERD\DESKTOP\CS7033 - GAME CURRENT\CS7033 - LAB 2\DEBUG\CS7033 - GAME.EXE.EMBED.MANIFEST
C:\USERS\GANTERD\DESKTOP\CS7033 - GAME CURRENT\CS7033 - LAB 2\DEBUG\CS7033 - GAME.EXE.EMBED.MANIFEST.RES
C:\USERS\GANTERD\DESKTOP\CS7033 - GAME CURRENT\CS7033 - LAB 2\DEBUG\CS7033 - GAME.EXE.INTERMEDIATE.MANIFEST
C:\Users\ganterd\Desktop\CS7033 - Game Current\CS7033 - Lab 2\Debug\CS7033 - Game_manifest.rc
C:\USERS\GANTERD\DESKTOP\CS7033 - GAME CURRENT\CS7033 - LAB 2\DEBUG\GLFONT.OBJ
C:\USERS\GANTERD\DESKTOP\CS7033 - GAME CURRENT\CS7033 - LAB 2\DEBUG\IMPORTER.OBJ
C:\USERS\GANTERD\DESKTOP\CS7033 - GAME CURRENT\CS7033 - LAB 2\DEBUG\LEVEL.OBJ
C:\Users\ganterd\Desktop\CS7033 - Game Current\CS7033 - Lab 2\Debug\link.command.1.tlog
C:\Users\ganterd\Desktop\CS7033 - Game Current\CS7033 - Lab 2\Debug\link.read.1.tlog
C:\Users\ganterd\Desktop\CS7033 - Game Current\CS7033 - Lab 2\Debug\link.write.1.tlog
C:\Users\ganterd\Desktop\CS7033 - Game Current\CS7033 - Lab 2\Debug\link-cvtres.read.1.tlog
C:\Users\ganterd\Desktop\CS7033 - Game Current\CS7033 - Lab 2\Debug\link-cvtres.write.1.tlog
C:\USERS\GANTERD\DESKTOP\CS7033 - GAME CURRENT\CS7033 - LAB 2\DEBUG\MAIN.OBJ
C:\USERS\GANTERD\DESKTOP\CS7033 - GAME CURRENT\CS7033 - LAB 2\DEBUG\MODEL.OBJ
C:\Users\ganterd\Desktop\CS7033 - Game Current\CS7033 - Lab 2\Debug\mt.command.1.tlog
C:\Users\ganterd\Desktop\CS7033 - Game Current\CS7033 - Lab 2\Debug\mt.read.1.tlog
C:\Users\ganterd\Desktop\CS7033 - Game Current\CS7033 - Lab 2\Debug\mt.write.1.tlog
C:\USERS\GANTERD\DESKTOP\CS7033 - GAME CURRENT\CS7033 - LAB 2\DEBUG\PROJECTILE.OBJ
C:\Users\ganterd\Desktop\CS7033 - Game Current\CS7033 - Lab 2\Debug\rc.command.1.tlog
C:\Users\ganterd\Desktop\CS7033 - Game Current\CS7033 - Lab 2\Debug\rc.read.1.tlog
C:\Users\ganterd\Desktop\CS7033 - Game Current\CS7033 - Lab 2\Debug\rc.write.1.tlog
C:\USERS\GANTERD\DESKTOP\CS7033 - GAME CURRENT\CS7033 - LAB 2\DEBUG\SHADER.OBJ
C:\USERS\GANTERD\DESKTOP\CS7033 - GAME CURRENT\CS7033 - LAB 2\DEBUG\TEXTURETGA.OBJ
C:\Users\ganterd\Desktop\CS7033 - Game Current\CS7033 - Lab 2\Debug\vc100.idb
C:\USERS\GANTERD\DESKTOP\CS7033 - GAME CURRENT\CS7033 - LAB 2\DEBUG\VC100.PDB
C:\USERS\GANTERD\DESKTOP\CS7033 - GAME CURRENT\CS7033 - LAB 2\DEBUG\ZOMBIE.OBJ
C:\USERS\GANTERD\DESKTOP\CS7033 - GAME CURRENT\CS7033 - LAB 2\DEBUG\ZOMBIECONTROLLER.OBJ
C:\Users\ganterd\Desktop\CS7033 - Game Current\Debug\\CS7033 - Game.exe
C:\Users\ganterd\Desktop\CS7033 - Game Current\Debug\\CS7033 - Game.pdb
C:\USERS\GANTERD\DESKTOP\CS7033 - GAME CURRENT\DEBUG\CS7033 - GAME.EXE
C:\USERS\GANTERD\DESKTOP\CS7033 - GAME CURRENT\DEBUG\CS7033 - GAME.PDB
