Build started 16/03/2013 21:42:38.
     1>Project "C:\Users\Dave\Desktop\Game\CS7033 - Game Current\CS7033 - Lab 2\CS7033 - Lab 2.vcxproj" on node 2 (build target(s)).
     1>InitializeBuildStatus:
         Creating "x64\Debug\CS7033 - Game.unsuccessfulbuild" because "AlwaysCreate" was specified.
       ClCompile:
         c:\Program Files (x86)\Microsoft Visual Studio 10.0\VC\bin\x86_amd64\CL.exe /c /I".\glew-1.9.0\include" /I.\glm /I.\freeglut\include /Zi /nologo /W3 /WX- /Od /D WIN32 /D _DEBUG /D _CONSOLE /D _UNICODE /D UNICODE /Gm /EHsc /RTC1 /MDd /GS /fp:precise /Zc:wchar_t /Zc:forScope /Fo"x64\Debug\\" /Fd"x64\Debug\vc100.pdb" /Gd /TP /errorReport:prompt Level.cpp main.cpp
         main.cpp
         Level.cpp
     1>Level.cpp(140): warning C4244: 'initializing' : conversion from 'float' to 'int', possible loss of data
         Generating Code...
       ManifestResourceCompile:
         All outputs are up-to-date.
       Link:
         c:\Program Files (x86)\Microsoft Visual Studio 10.0\VC\bin\x86_amd64\link.exe /ERRORREPORT:PROMPT /OUT:"C:\Users\Dave\Desktop\Game\CS7033 - Game Current\x64\Debug\\CS7033 - Game.exe" /INCREMENTAL /NOLOGO /LIBPATH:.\libs\pthreads\lib\x64 /LIBPATH:".\libs\glew-1.9.0\lib\x64" /LIBPATH:.\libs\devIL\lib\x64 /LIBPATH:.\libs\assimp\lib\x64 /LIBPATH:.\libs\freeglut\lib\x64\Debug pthreadVC2.lib glew32.lib freeglut.lib assimp.lib DevIL.lib kernel32.lib user32.lib gdi32.lib winspool.lib comdlg32.lib advapi32.lib shell32.lib ole32.lib oleaut32.lib uuid.lib odbc32.lib odbccp32.lib /MANIFEST /ManifestFile:"x64\Debug\CS7033 - Game.exe.intermediate.manifest" /MANIFESTUAC:"level='asInvoker' uiAccess='false'" /DEBUG /PDB:"C:\Users\Dave\Desktop\Game\CS7033 - Game Current\x64\Debug\CS7033 - Game.pdb" /SUBSYSTEM:CONSOLE /TLBID:1 /DYNAMICBASE /NXCOMPAT /IMPLIB:"C:\Users\Dave\Desktop\Game\CS7033 - Game Current\x64\Debug\\CS7033 - Game.lib" /MACHINE:X64 /PROFILE "x64\Debug\CS7033 - Game.exe.embed.manifest.res"
         x64\Debug\Camera.obj
         x64\Debug\ControllingMesh.obj
         x64\Debug\DebugInfoScreen.obj
         x64\Debug\glfont.obj
         x64\Debug\Importer.obj
         x64\Debug\Level.obj
         x64\Debug\Logger.obj
         x64\Debug\main.obj
         x64\Debug\Model.obj
         x64\Debug\Projectile.obj
         x64\Debug\Shader.obj
         x64\Debug\textureTGA.obj
         x64\Debug\Zombie.obj
         x64\Debug\ZombieController.obj
     1>LINK : warning LNK4075: ignoring '/INCREMENTAL' due to '/PROFILE' specification
         CS7033 - Lab 2.vcxproj -> C:\Users\Dave\Desktop\Game\CS7033 - Game Current\x64\Debug\\CS7033 - Game.exe
       Manifest:
         C:\Program Files (x86)\Microsoft SDKs\Windows\v7.0A\bin\mt.exe /nologo /verbose /out:"x64\Debug\CS7033 - Game.exe.embed.manifest" /manifest "x64\Debug\CS7033 - Game.exe.intermediate.manifest"
         All outputs are up-to-date.
       LinkEmbedManifest:
         All outputs are up-to-date.
         CS7033 - Lab 2.vcxproj -> C:\Users\Dave\Desktop\Game\CS7033 - Game Current\x64\Debug\\CS7033 - Game.exe
       FinalizeBuildStatus:
         Deleting file "x64\Debug\CS7033 - Game.unsuccessfulbuild".
         Touching "x64\Debug\CS7033 - Game.lastbuildstate".
     1>Done Building Project "C:\Users\Dave\Desktop\Game\CS7033 - Game Current\CS7033 - Lab 2\CS7033 - Lab 2.vcxproj" (build target(s)).

Build succeeded.

Time Elapsed 00:00:03.29
