C:\USERS\DAVE\DESKTOP\GAME\CS7033 - GAME CURRENT\CS7033 - LAB 2\WIN32\DEBUG\CAMERA.OBJ
C:\Users\Dave\Desktop\Game\CS7033 - Game Current\CS7033 - Lab 2\Win32\Debug\cl.command.1.tlog
C:\Users\Dave\Desktop\Game\CS7033 - Game Current\CS7033 - Lab 2\Win32\Debug\CL.read.1.tlog
C:\Users\Dave\Desktop\Game\CS7033 - Game Current\CS7033 - Lab 2\Win32\Debug\CL.write.1.tlog
C:\USERS\DAVE\DESKTOP\GAME\CS7033 - GAME CURRENT\CS7033 - LAB 2\WIN32\DEBUG\CONTROLLINGMESH.OBJ
C:\USERS\DAVE\DESKTOP\GAME\CS7033 - GAME CURRENT\CS7033 - LAB 2\WIN32\DEBUG\CS7033 - GAME.EXE.EMBED.MANIFEST
C:\USERS\DAVE\DESKTOP\GAME\CS7033 - GAME CURRENT\CS7033 - LAB 2\WIN32\DEBUG\CS7033 - GAME.EXE.EMBED.MANIFEST.RES
C:\USERS\DAVE\DESKTOP\GAME\CS7033 - GAME CURRENT\CS7033 - LAB 2\WIN32\DEBUG\CS7033 - GAME.EXE.INTERMEDIATE.MANIFEST
C:\Users\Dave\Desktop\Game\CS7033 - Game Current\CS7033 - Lab 2\Win32\Debug\CS7033 - Game.write.1.tlog
C:\Users\Dave\Desktop\Game\CS7033 - Game Current\CS7033 - Lab 2\Win32\Debug\CS7033 - Game_manifest.rc
C:\USERS\DAVE\DESKTOP\GAME\CS7033 - GAME CURRENT\CS7033 - LAB 2\WIN32\DEBUG\GLFONT.OBJ
C:\USERS\DAVE\DESKTOP\GAME\CS7033 - GAME CURRENT\CS7033 - LAB 2\WIN32\DEBUG\IMPORTER.OBJ
C:\USERS\DAVE\DESKTOP\GAME\CS7033 - GAME CURRENT\CS7033 - LAB 2\WIN32\DEBUG\LEVEL.OBJ
C:\Users\Dave\Desktop\Game\CS7033 - Game Current\CS7033 - Lab 2\Win32\Debug\link.command.1.tlog
C:\Users\Dave\Desktop\Game\CS7033 - Game Current\CS7033 - Lab 2\Win32\Debug\link.read.1.tlog
C:\Users\Dave\Desktop\Game\CS7033 - Game Current\CS7033 - Lab 2\Win32\Debug\link.write.1.tlog
C:\Users\Dave\Desktop\Game\CS7033 - Game Current\CS7033 - Lab 2\Win32\Debug\link-cvtres.read.1.tlog
C:\Users\Dave\Desktop\Game\CS7033 - Game Current\CS7033 - Lab 2\Win32\Debug\link-cvtres.write.1.tlog
C:\USERS\DAVE\DESKTOP\GAME\CS7033 - GAME CURRENT\CS7033 - LAB 2\WIN32\DEBUG\MAIN.OBJ
C:\USERS\DAVE\DESKTOP\GAME\CS7033 - GAME CURRENT\CS7033 - LAB 2\WIN32\DEBUG\MODEL.OBJ
C:\Users\Dave\Desktop\Game\CS7033 - Game Current\CS7033 - Lab 2\Win32\Debug\mt.command.1.tlog
C:\Users\Dave\Desktop\Game\CS7033 - Game Current\CS7033 - Lab 2\Win32\Debug\mt.read.1.tlog
C:\Users\Dave\Desktop\Game\CS7033 - Game Current\CS7033 - Lab 2\Win32\Debug\mt.write.1.tlog
C:\USERS\DAVE\DESKTOP\GAME\CS7033 - GAME CURRENT\CS7033 - LAB 2\WIN32\DEBUG\PROJECTILE.OBJ
C:\Users\Dave\Desktop\Game\CS7033 - Game Current\CS7033 - Lab 2\Win32\Debug\rc.command.1.tlog
C:\Users\Dave\Desktop\Game\CS7033 - Game Current\CS7033 - Lab 2\Win32\Debug\rc.read.1.tlog
C:\Users\Dave\Desktop\Game\CS7033 - Game Current\CS7033 - Lab 2\Win32\Debug\rc.write.1.tlog
C:\USERS\DAVE\DESKTOP\GAME\CS7033 - GAME CURRENT\CS7033 - LAB 2\WIN32\DEBUG\SHADER.OBJ
C:\USERS\DAVE\DESKTOP\GAME\CS7033 - GAME CURRENT\CS7033 - LAB 2\WIN32\DEBUG\TEXTURETGA.OBJ
C:\Users\Dave\Desktop\Game\CS7033 - Game Current\CS7033 - Lab 2\Win32\Debug\vc100.idb
C:\USERS\DAVE\DESKTOP\GAME\CS7033 - GAME CURRENT\CS7033 - LAB 2\WIN32\DEBUG\VC100.PDB
C:\USERS\DAVE\DESKTOP\GAME\CS7033 - GAME CURRENT\CS7033 - LAB 2\WIN32\DEBUG\ZOMBIE.OBJ
C:\USERS\DAVE\DESKTOP\GAME\CS7033 - GAME CURRENT\CS7033 - LAB 2\WIN32\DEBUG\ZOMBIECONTROLLER.OBJ
C:\Users\Dave\Desktop\Game\CS7033 - Game Current\Debug\\CS7033 - Game.exe
C:\Users\Dave\Desktop\Game\CS7033 - Game Current\Debug\\CS7033 - Game.pdb
C:\USERS\DAVE\DESKTOP\GAME\CS7033 - GAME CURRENT\DEBUG\CS7033 - GAME.EXE
C:\USERS\DAVE\DESKTOP\GAME\CS7033 - GAME CURRENT\DEBUG\CS7033 - GAME.PDB
