Build started 19/12/2012 16:44:32.
     1>Project "C:\Users\ganterd\Desktop\CS7033 - Game Current\CS7033 - Lab 2\CS7033 - Lab 2.vcxproj" on node 2 (build target(s)).
     1>InitializeBuildStatus:
         Creating "Release\CS7033 - Game.unsuccessfulbuild" because "AlwaysCreate" was specified.
       ClCompile:
         C:\Program Files\Microsoft Visual Studio 10.0\VC\bin\CL.exe /c /Zi /nologo /W3 /WX- /O2 /Oi /Oy- /GL /D WIN32 /D NDEBUG /D _CONSOLE /D _UNICODE /D UNICODE /Gm- /EHsc /MD /GS /Gy /fp:precise /Zc:wchar_t /Zc:forScope /Fo"Release\\" /Fd"Release\vc100.pdb" /Gd /TP /analyze- /errorReport:prompt Camera.cpp ControllingMesh.cpp glfont.cpp Importer.cpp Level.cpp main.cpp Model.cpp Projectile.cpp Shader.cpp textureTGA.cpp Zombie.cpp ZombieController.cpp
         Camera.cpp
     1>Camera.cpp(144): warning C4244: 'argument' : conversion from 'double' to 'GLfloat', possible loss of data
         ControllingMesh.cpp
         glfont.cpp
     1>glfont.cpp(32): warning C4996: 'fopen': This function or variable may be unsafe. Consider using fopen_s instead. To disable deprecation, use _CRT_SECURE_NO_WARNINGS. See online help for details.
                 C:\Program Files\Microsoft Visual Studio 10.0\VC\include\stdio.h(234) : see declaration of 'fopen'
         Importer.cpp
         Level.cpp
     1>Level.cpp(108): warning C4244: 'initializing' : conversion from 'float' to 'int', possible loss of data
         main.cpp
         Model.cpp
     1>Model.cpp(245): warning C4244: 'initializing' : conversion from 'double' to 'float', possible loss of data
     1>Model.cpp(267): warning C4244: 'initializing' : conversion from 'double' to 'float', possible loss of data
     1>Model.cpp(289): warning C4244: 'initializing' : conversion from 'double' to 'float', possible loss of data
         Projectile.cpp
         Shader.cpp
         textureTGA.cpp
         Zombie.cpp
         ZombieController.cpp
       Link:
         C:\Program Files\Microsoft Visual Studio 10.0\VC\bin\link.exe /ERRORREPORT:PROMPT /OUT:"C:\Users\ganterd\Desktop\CS7033 - Game Current\Release\CS7033 - Game.exe" /INCREMENTAL:NO /NOLOGO /LIBPATH:".\glew-1.9.0\lib" /LIBPATH:.\devIL\lib /LIBPATH:"U:\My Documents\Visual Studio 2010\Projects\CS7033 - Game Current\CS7033 - Lab 2\assimp\lib\assimp_release-dll_win32" /LIBPATH:"U:\My Documents\Visual Studio 2010\Projects\CS7033 - Game Current\CS7033 - Lab 2\freeglut\lib\x86\Release" glew32.lib freeglut.lib assimp.lib DevIL.lib kernel32.lib user32.lib gdi32.lib winspool.lib comdlg32.lib advapi32.lib shell32.lib ole32.lib oleaut32.lib uuid.lib odbc32.lib odbccp32.lib kernel32.lib user32.lib gdi32.lib winspool.lib comdlg32.lib advapi32.lib shell32.lib ole32.lib oleaut32.lib uuid.lib odbc32.lib odbccp32.lib /MANIFEST /ManifestFile:"Release\CS7033 - Game.exe.intermediate.manifest" /MANIFESTUAC:"level='asInvoker' uiAccess='false'" /DEBUG /PDB:"C:\Users\ganterd\Desktop\CS7033 - Game Current\Release\CS7033 - Game.pdb" /SUBSYSTEM:CONSOLE /OPT:REF /OPT:ICF /LTCG /TLBID:1 /DYNAMICBASE /NXCOMPAT /IMPLIB:"C:\Users\ganterd\Desktop\CS7033 - Game Current\Release\CS7033 - Game.lib" /MACHINE:X86 Release\Camera.obj
         Release\ControllingMesh.obj
         Release\glfont.obj
         Release\Importer.obj
         Release\Level.obj
         Release\main.obj
         Release\Model.obj
         Release\Projectile.obj
         Release\Shader.obj
         Release\textureTGA.obj
         Release\Zombie.obj
         Release\ZombieController.obj
         Generating code
         Finished generating code
         CS7033 - Lab 2.vcxproj -> C:\Users\ganterd\Desktop\CS7033 - Game Current\Release\CS7033 - Game.exe
       Manifest:
         C:\Program Files\Microsoft SDKs\Windows\v7.0A\bin\mt.exe /nologo /verbose /outputresource:"C:\Users\ganterd\Desktop\CS7033 - Game Current\Release\CS7033 - Game.exe;#1" /manifest "Release\CS7033 - Game.exe.intermediate.manifest"
       FinalizeBuildStatus:
         Deleting file "Release\CS7033 - Game.unsuccessfulbuild".
         Touching "Release\CS7033 - Game.lastbuildstate".
     1>Done Building Project "C:\Users\ganterd\Desktop\CS7033 - Game Current\CS7033 - Lab 2\CS7033 - Lab 2.vcxproj" (build target(s)).

Build succeeded.

Time Elapsed 00:00:13.80
