U:\MY DOCUMENTS\VISUAL STUDIO 2010\PROJECTS\CS7033 - GAME CURRENT\CS7033 - LAB 2\RELEASE\CAMERA.OBJ
U:\My Documents\Visual Studio 2010\Projects\CS7033 - Game Current\CS7033 - Lab 2\Release\cl.command.1.tlog
U:\My Documents\Visual Studio 2010\Projects\CS7033 - Game Current\CS7033 - Lab 2\Release\CL.read.1.tlog
U:\My Documents\Visual Studio 2010\Projects\CS7033 - Game Current\CS7033 - Lab 2\Release\CL.write.1.tlog
U:\MY DOCUMENTS\VISUAL STUDIO 2010\PROJECTS\CS7033 - GAME CURRENT\CS7033 - LAB 2\RELEASE\CONTROLLINGMESH.OBJ
U:\My Documents\Visual Studio 2010\Projects\CS7033 - Game Current\CS7033 - Lab 2\Release\CS7033 - Game.exe.intermediate.manifest
U:\MY DOCUMENTS\VISUAL STUDIO 2010\PROJECTS\CS7033 - GAME CURRENT\CS7033 - LAB 2\RELEASE\IMPORTER.OBJ
U:\MY DOCUMENTS\VISUAL STUDIO 2010\PROJECTS\CS7033 - GAME CURRENT\CS7033 - LAB 2\RELEASE\LEVEL.OBJ
U:\My Documents\Visual Studio 2010\Projects\CS7033 - Game Current\CS7033 - Lab 2\Release\link.command.1.tlog
U:\My Documents\Visual Studio 2010\Projects\CS7033 - Game Current\CS7033 - Lab 2\Release\link.read.1.tlog
U:\My Documents\Visual Studio 2010\Projects\CS7033 - Game Current\CS7033 - Lab 2\Release\link.write.1.tlog
U:\MY DOCUMENTS\VISUAL STUDIO 2010\PROJECTS\CS7033 - GAME CURRENT\CS7033 - LAB 2\RELEASE\MAIN.OBJ
U:\MY DOCUMENTS\VISUAL STUDIO 2010\PROJECTS\CS7033 - GAME CURRENT\CS7033 - LAB 2\RELEASE\MODEL.OBJ
U:\My Documents\Visual Studio 2010\Projects\CS7033 - Game Current\CS7033 - Lab 2\Release\mt.command.1.tlog
U:\My Documents\Visual Studio 2010\Projects\CS7033 - Game Current\CS7033 - Lab 2\Release\mt.read.1.tlog
U:\My Documents\Visual Studio 2010\Projects\CS7033 - Game Current\CS7033 - Lab 2\Release\mt.write.1.tlog
U:\MY DOCUMENTS\VISUAL STUDIO 2010\PROJECTS\CS7033 - GAME CURRENT\CS7033 - LAB 2\RELEASE\SHADER.OBJ
U:\MY DOCUMENTS\VISUAL STUDIO 2010\PROJECTS\CS7033 - GAME CURRENT\CS7033 - LAB 2\RELEASE\TEXTURETGA.OBJ
U:\MY DOCUMENTS\VISUAL STUDIO 2010\PROJECTS\CS7033 - GAME CURRENT\CS7033 - LAB 2\RELEASE\VC100.PDB
U:\MY DOCUMENTS\VISUAL STUDIO 2010\PROJECTS\CS7033 - GAME CURRENT\CS7033 - LAB 2\RELEASE\ZOMBIE.OBJ
U:\MY DOCUMENTS\VISUAL STUDIO 2010\PROJECTS\CS7033 - GAME CURRENT\CS7033 - LAB 2\RELEASE\ZOMBIECONTROLLER.OBJ
U:\My Documents\Visual Studio 2010\Projects\CS7033 - Game Current\Release\CS7033 - Game.exe
U:\MY DOCUMENTS\VISUAL STUDIO 2010\PROJECTS\CS7033 - GAME CURRENT\RELEASE\CS7033 - GAME.PDB
